This file contains any messages produced by compilers while
running configure, to aid debugging if configure makes a mistake.

It was created by hello configure 0.1, which was
generated by GNU Autoconf 2.68.  Invocation command line was

  $ ./configure 

## --------- ##
## Platform. ##
## --------- ##

hostname = uservm
uname -m = x86_64
uname -r = 3.11.0-15-generic
uname -s = Linux
uname -v = #25~precise1-Ubuntu SMP Thu Jan 30 17:39:31 UTC 2014

/usr/bin/uname -p = unknown
/bin/uname -X     = unknown

/bin/arch              = unknown
/usr/bin/arch -k       = unknown
/usr/convex/getsysinfo = unknown
/usr/bin/hostinfo      = unknown
/bin/machine           = unknown
/usr/bin/oslevel       = unknown
/bin/universe          = unknown

PATH: /usr/local/sbin
PATH: /usr/local/bin
PATH: /usr/sbin
PATH: /usr/bin
PATH: /sbin
PATH: /bin
PATH: /usr/games


## ----------- ##
## Core tests. ##
## ----------- ##

configure:2095: checking for gcc
configure:2111: found /usr/bin/gcc
configure:2122: result: gcc
configure:2153: checking for C compiler version
configure:2162: gcc --version >&5
gcc (Ubuntu/Linaro 4.6.3-1ubuntu5) 4.6.3
Copyright (C) 2011 Free Software Foundation, Inc.
This is free software; see the source for copying conditions.  There is NO
warranty; not even for MERCHANTABILITY or FITNESS FOR A PARTICULAR PURPOSE.

configure:2173: $? = 0
configure:2162: gcc -v >&5
Using built-in specs.
COLLECT_GCC=gcc
COLLECT_LTO_WRAPPER=/usr/lib/gcc/x86_64-linux-gnu/4.6/lto-wrapper
Target: x86_64-linux-gnu
Configured with: ../src/configure -v --with-pkgversion='Ubuntu/Linaro 4.6.3-1ubuntu5' --with-bugurl=file:///usr/share/doc/gcc-4.6/README.Bugs --enable-languages=c,c++,fortran,objc,obj-c++ --prefix=/usr --program-suffix=-4.6 --enable-shared --enable-linker-build-id --with-system-zlib --libexecdir=/usr/lib --without-included-gettext --enable-threads=posix --with-gxx-include-dir=/usr/include/c++/4.6 --libdir=/usr/lib --enable-nls --with-sysroot=/ --enable-clocale=gnu --enable-libstdcxx-debug --enable-libstdcxx-time=yes --enable-gnu-unique-object --enable-plugin --enable-objc-gc --disable-werror --with-arch-32=i686 --with-tune=generic --enable-checking=release --build=x86_64-linux-gnu --host=x86_64-linux-gnu --target=x86_64-linux-gnu
Thread model: posix
gcc version 4.6.3 (Ubuntu/Linaro 4.6.3-1ubuntu5) 
configure:2173: $? = 0
configure:2162: gcc -V >&5
gcc: error: unrecognized option '-V'
gcc: fatal error: no input files
compilation terminated.
configure:2173: $? = 4
configure:2162: gcc -qversion >&5
gcc: error: unrecognized option '-qversion'
gcc: fatal error: no input files
compilation terminated.
configure:2173: $? = 4
configure:2193: checking whether the C compiler works
configure:2215: gcc    conftest.c  >&5
configure:2219: $? = 0
configure:2267: result: yes
configure:2270: checking for C compiler default output file name
configure:2272: result: a.out
configure:2278: checking for suffix of executables
configure:2285: gcc -o conftest    conftest.c  >&5
configure:2289: $? = 0
configure:2311: result: 
configure:2333: checking whether we are cross compiling
configure:2341: gcc -o conftest    conftest.c  >&5
configure:2345: $? = 0
configure:2352: ./conftest
configure:2356: $? = 0
configure:2371: result: no
configure:2376: checking for suffix of object files
configure:2398: gcc -c   conftest.c >&5
configure:2402: $? = 0
configure:2423: result: o
configure:2427: checking whether we are using the GNU C compiler
configure:2446: gcc -c   conftest.c >&5
configure:2446: $? = 0
configure:2455: result: yes
configure:2464: checking whether gcc accepts -g
configure:2484: gcc -c -g  conftest.c >&5
configure:2484: $? = 0
configure:2525: result: yes
configure:2542: checking for gcc option to accept ISO C89
configure:2606: gcc  -c -g -O2  conftest.c >&5
configure:2606: $? = 0
configure:2619: result: none needed
configure:2647: checking how to run the C preprocessor
configure:2678: gcc -E  conftest.c
configure:2678: $? = 0
configure:2692: gcc -E  conftest.c
conftest.c:9:28: fatal error: ac_nonexistent.h: No such file or directory
compilation terminated.
configure:2692: $? = 1
configure: failed program was:
| /* confdefs.h */
| #define PACKAGE_NAME "hello"
| #define PACKAGE_TARNAME "hello"
| #define PACKAGE_VERSION "0.1"
| #define PACKAGE_STRING "hello 0.1"
| #define PACKAGE_BUGREPORT ""
| #define PACKAGE_URL ""
| /* end confdefs.h.  */
| #include <ac_nonexistent.h>
configure:2717: result: gcc -E
configure:2737: gcc -E  conftest.c
configure:2737: $? = 0
configure:2751: gcc -E  conftest.c
conftest.c:9:28: fatal error: ac_nonexistent.h: No such file or directory
compilation terminated.
configure:2751: $? = 1
configure: failed program was:
| /* confdefs.h */
| #define PACKAGE_NAME "hello"
| #define PACKAGE_TARNAME "hello"
| #define PACKAGE_VERSION "0.1"
| #define PACKAGE_STRING "hello 0.1"
| #define PACKAGE_BUGREPORT ""
| #define PACKAGE_URL ""
| /* end confdefs.h.  */
| #include <ac_nonexistent.h>
configure:2780: checking for grep that handles long lines and -e
configure:2838: result: /bin/grep
configure:2843: checking for egrep
configure:2905: result: /bin/grep -E
configure:2910: checking for ANSI C header files
configure:2930: gcc -c -g -O2  conftest.c >&5
configure:2930: $? = 0
configure:3003: gcc -o conftest -g -O2   conftest.c  >&5
configure:3003: $? = 0
configure:3003: ./conftest
configure:3003: $? = 0
configure:3014: result: yes
configure:3027: checking for sys/types.h
configure:3027: gcc -c -g -O2  conftest.c >&5
configure:3027: $? = 0
configure:3027: result: yes
configure:3027: checking for sys/stat.h
configure:3027: gcc -c -g -O2  conftest.c >&5
configure:3027: $? = 0
configure:3027: result: yes
configure:3027: checking for stdlib.h
configure:3027: gcc -c -g -O2  conftest.c >&5
configure:3027: $? = 0
configure:3027: result: yes
configure:3027: checking for string.h
configure:3027: gcc -c -g -O2  conftest.c >&5
configure:3027: $? = 0
configure:3027: result: yes
configure:3027: checking for memory.h
configure:3027: gcc -c -g -O2  conftest.c >&5
configure:3027: $? = 0
configure:3027: result: yes
configure:3027: checking for strings.h
configure:3027: gcc -c -g -O2  conftest.c >&5
configure:3027: $? = 0
configure:3027: result: yes
configure:3027: checking for inttypes.h
configure:3027: gcc -c -g -O2  conftest.c >&5
configure:3027: $? = 0
configure:3027: result: yes
configure:3027: checking for stdint.h
configure:3027: gcc -c -g -O2  conftest.c >&5
configure:3027: $? = 0
configure:3027: result: yes
configure:3027: checking for unistd.h
configure:3027: gcc -c -g -O2  conftest.c >&5
configure:3027: $? = 0
configure:3027: result: yes
configure:3039: checking stdio.h usability
configure:3039: gcc -c -g -O2  conftest.c >&5
configure:3039: $? = 0
configure:3039: result: yes
configure:3039: checking stdio.h presence
configure:3039: gcc -E  conftest.c
configure:3039: $? = 0
configure:3039: result: yes
configure:3039: checking for stdio.h
configure:3039: result: yes
configure:3049: checking for printf in -lC
configure:3074: gcc -o conftest -g -O2   conftest.c -lC   >&5
conftest.c:27:6: warning: conflicting types for built-in function 'printf' [enabled by default]
/usr/bin/ld: cannot find -lC
collect2: ld returned 1 exit status
configure:3074: $? = 1
configure: failed program was:
| /* confdefs.h */
| #define PACKAGE_NAME "hello"
| #define PACKAGE_TARNAME "hello"
| #define PACKAGE_VERSION "0.1"
| #define PACKAGE_STRING "hello 0.1"
| #define PACKAGE_BUGREPORT ""
| #define PACKAGE_URL ""
| #define STDC_HEADERS 1
| #define HAVE_SYS_TYPES_H 1
| #define HAVE_SYS_STAT_H 1
| #define HAVE_STDLIB_H 1
| #define HAVE_STRING_H 1
| #define HAVE_MEMORY_H 1
| #define HAVE_STRINGS_H 1
| #define HAVE_INTTYPES_H 1
| #define HAVE_STDINT_H 1
| #define HAVE_UNISTD_H 1
| #define HAVE_STDIO_H 1
| /* end confdefs.h.  */
| 
| /* Override any GCC internal prototype to avoid an error.
|    Use char because int might match the return type of a GCC
|    builtin and then its argument prototype would still apply.  */
| #ifdef __cplusplus
| extern "C"
| #endif
| char printf ();
| int
| main ()
| {
| return printf ();
|   ;
|   return 0;
| }
configure:3083: result: no
configure:3139: checking for a BSD-compatible install
configure:3207: result: /usr/bin/install -c
configure:3218: checking whether build environment is sane
configure:3268: result: yes
configure:3409: checking for a thread-safe mkdir -p
configure:3448: result: /bin/mkdir -p
configure:3461: checking for gawk
configure:3477: found /usr/bin/gawk
configure:3488: result: gawk
configure:3499: checking whether make sets $(MAKE)
configure:3521: result: yes
configure:3551: checking for style of include used by make
configure:3579: result: GNU
configure:3665: checking dependency style of gcc
configure:3776: result: gcc3
configure:3958: creating ./config.status

## ---------------------- ##
## Running config.status. ##
## ---------------------- ##

This file was extended by hello config.status 0.1, which was
generated by GNU Autoconf 2.68.  Invocation command line was

  CONFIG_FILES    = 
  CONFIG_HEADERS  = 
  CONFIG_LINKS    = 
  CONFIG_COMMANDS = 
  $ ./config.status 

on uservm

config.status:784: creating Makefile
config.status:956: executing depfiles commands

## ---------------- ##
## Cache variables. ##
## ---------------- ##

ac_cv_c_compiler_gnu=yes
ac_cv_env_CC_set=
ac_cv_env_CC_value=
ac_cv_env_CFLAGS_set=
ac_cv_env_CFLAGS_value=
ac_cv_env_CPPFLAGS_set=
ac_cv_env_CPPFLAGS_value=
ac_cv_env_CPP_set=
ac_cv_env_CPP_value=
ac_cv_env_LDFLAGS_set=
ac_cv_env_LDFLAGS_value=
ac_cv_env_LIBS_set=
ac_cv_env_LIBS_value=
ac_cv_env_build_alias_set=
ac_cv_env_build_alias_value=
ac_cv_env_host_alias_set=
ac_cv_env_host_alias_value=
ac_cv_env_target_alias_set=
ac_cv_env_target_alias_value=
ac_cv_header_inttypes_h=yes
ac_cv_header_memory_h=yes
ac_cv_header_stdc=yes
ac_cv_header_stdint_h=yes
ac_cv_header_stdio_h=yes
ac_cv_header_stdlib_h=yes
ac_cv_header_string_h=yes
ac_cv_header_strings_h=yes
ac_cv_header_sys_stat_h=yes
ac_cv_header_sys_types_h=yes
ac_cv_header_unistd_h=yes
ac_cv_lib_C_printf=no
ac_cv_objext=o
ac_cv_path_EGREP='/bin/grep -E'
ac_cv_path_GREP=/bin/grep
ac_cv_path_install='/usr/bin/install -c'
ac_cv_path_mkdir=/bin/mkdir
ac_cv_prog_AWK=gawk
ac_cv_prog_CPP='gcc -E'
ac_cv_prog_ac_ct_CC=gcc
ac_cv_prog_cc_c89=
ac_cv_prog_cc_g=yes
ac_cv_prog_make_make_set=yes
am_cv_CC_dependencies_compiler_type=gcc3

## ----------------- ##
## Output variables. ##
## ----------------- ##

ACLOCAL='${SHELL} /home/user/gitmy/po20151110svn/hello-/missing --run aclocal-1.11'
AMDEPBACKSLASH='\'
AMDEP_FALSE='#'
AMDEP_TRUE=''
AMTAR='$${TAR-tar}'
AUTOCONF='${SHELL} /home/user/gitmy/po20151110svn/hello-/missing --run autoconf'
AUTOHEADER='${SHELL} /home/user/gitmy/po20151110svn/hello-/missing --run autoheader'
AUTOMAKE='${SHELL} /home/user/gitmy/po20151110svn/hello-/missing --run automake-1.11'
AWK='gawk'
CC='gcc'
CCDEPMODE='depmode=gcc3'
CFLAGS='-g -O2'
CPP='gcc -E'
CPPFLAGS=''
CYGPATH_W='echo'
DEFS='-DPACKAGE_NAME=\"hello\" -DPACKAGE_TARNAME=\"hello\" -DPACKAGE_VERSION=\"0.1\" -DPACKAGE_STRING=\"hello\ 0.1\" -DPACKAGE_BUGREPORT=\"\" -DPACKAGE_URL=\"\" -DSTDC_HEADERS=1 -DHAVE_SYS_TYPES_H=1 -DHAVE_SYS_STAT_H=1 -DHAVE_STDLIB_H=1 -DHAVE_STRING_H=1 -DHAVE_MEMORY_H=1 -DHAVE_STRINGS_H=1 -DHAVE_INTTYPES_H=1 -DHAVE_STDINT_H=1 -DHAVE_UNISTD_H=1 -DHAVE_STDIO_H=1 -DPACKAGE=\"hello\" -DVERSION=\"0.1\"'
DEPDIR='.deps'
ECHO_C=''
ECHO_N='-n'
ECHO_T=''
EGREP='/bin/grep -E'
EXEEXT=''
GREP='/bin/grep'
INSTALL_DATA='${INSTALL} -m 644'
INSTALL_PROGRAM='${INSTALL}'
INSTALL_SCRIPT='${INSTALL}'
INSTALL_STRIP_PROGRAM='$(install_sh) -c -s'
LDFLAGS=''
LIBOBJS=''
LIBS=''
LTLIBOBJS=''
MAKEINFO='${SHELL} /home/user/gitmy/po20151110svn/hello-/missing --run makeinfo'
MKDIR_P='/bin/mkdir -p'
OBJEXT='o'
PACKAGE='hello'
PACKAGE_BUGREPORT=''
PACKAGE_NAME='hello'
PACKAGE_STRING='hello 0.1'
PACKAGE_TARNAME='hello'
PACKAGE_URL=''
PACKAGE_VERSION='0.1'
PATH_SEPARATOR=':'
SET_MAKE=''
SHELL='/bin/bash'
STRIP=''
VERSION='0.1'
ac_ct_CC='gcc'
am__EXEEXT_FALSE=''
am__EXEEXT_TRUE='#'
am__fastdepCC_FALSE='#'
am__fastdepCC_TRUE=''
am__include='include'
am__isrc=''
am__leading_dot='.'
am__nodep='_no'
am__quote=''
am__tar='$${TAR-tar} chof - "$$tardir"'
am__untar='$${TAR-tar} xf -'
bindir='${exec_prefix}/bin'
build_alias=''
datadir='${datarootdir}'
datarootdir='${prefix}/share'
docdir='${datarootdir}/doc/${PACKAGE_TARNAME}'
dvidir='${docdir}'
exec_prefix='${prefix}'
host_alias=''
htmldir='${docdir}'
includedir='${prefix}/include'
infodir='${datarootdir}/info'
install_sh='${SHELL} /home/user/gitmy/po20151110svn/hello-/install-sh'
libdir='${exec_prefix}/lib'
libexecdir='${exec_prefix}/libexec'
localedir='${datarootdir}/locale'
localstatedir='${prefix}/var'
mandir='${datarootdir}/man'
mkdir_p='/bin/mkdir -p'
oldincludedir='/usr/include'
pdfdir='${docdir}'
prefix='/usr/local'
program_transform_name='s,x,x,'
psdir='${docdir}'
sbindir='${exec_prefix}/sbin'
sharedstatedir='${prefix}/com'
sysconfdir='${prefix}/etc'
target_alias=''

## ----------- ##
## confdefs.h. ##
## ----------- ##

/* confdefs.h */
#define PACKAGE_NAME "hello"
#define PACKAGE_TARNAME "hello"
#define PACKAGE_VERSION "0.1"
#define PACKAGE_STRING "hello 0.1"
#define PACKAGE_BUGREPORT ""
#define PACKAGE_URL ""
#define STDC_HEADERS 1
#define HAVE_SYS_TYPES_H 1
#define HAVE_SYS_STAT_H 1
#define HAVE_STDLIB_H 1
#define HAVE_STRING_H 1
#define HAVE_MEMORY_H 1
#define HAVE_STRINGS_H 1
#define HAVE_INTTYPES_H 1
#define HAVE_STDINT_H 1
#define HAVE_UNISTD_H 1
#define HAVE_STDIO_H 1
#define PACKAGE "hello"
#define VERSION "0.1"

configure: exit 0
